[debug] [2022-09-16T09:34:33.061Z] ----------------------------------------------------------------------
[debug] [2022-09-16T09:34:33.063Z] Command:       /usr/bin/node /usr/bin/firebase deploy
[debug] [2022-09-16T09:34:33.064Z] CLI Version:   11.9.0
[debug] [2022-09-16T09:34:33.064Z] Platform:      linux
[debug] [2022-09-16T09:34:33.064Z] Node Version:  v18.8.0
[debug] [2022-09-16T09:34:33.094Z] Time:          Fri Sep 16 2022 12:34:33 GMT+0300 (East Africa Time)
[debug] [2022-09-16T09:34:33.094Z] ----------------------------------------------------------------------
[debug] 
[debug] [2022-09-16T09:34:33.202Z] > command requires scopes: ["email","openid","https://www.googleapis.com/auth/cloudplatformprojects.readonly","https://www.googleapis.com/auth/firebase","https://www.googleapis.com/auth/cloud-platform"]
[debug] [2022-09-16T09:34:33.202Z] > authorizing via signed-in user (gichaumburu@gmail.com)
[debug] [2022-09-16T09:34:33.202Z] [iam] checking project alexmgportfolio for permissions ["firebase.projects.get","firebasehosting.sites.update"]
[debug] [2022-09-16T09:34:33.205Z] >>> [apiv2][query] POST https://cloudresourcemanager.googleapis.com/v1/projects/alexmgportfolio:testIamPermissions [none]
[debug] [2022-09-16T09:34:33.205Z] >>> [apiv2][(partial)header] POST https://cloudresourcemanager.googleapis.com/v1/projects/alexmgportfolio:testIamPermissions x-goog-quota-user=projects/alexmgportfolio
[debug] [2022-09-16T09:34:33.205Z] >>> [apiv2][body] POST https://cloudresourcemanager.googleapis.com/v1/projects/alexmgportfolio:testIamPermissions {"permissions":["firebase.projects.get","firebasehosting.sites.update"]}
[debug] [2022-09-16T09:34:34.941Z] <<< [apiv2][status] POST https://cloudresourcemanager.googleapis.com/v1/projects/alexmgportfolio:testIamPermissions 200
[debug] [2022-09-16T09:34:34.941Z] <<< [apiv2][body] POST https://cloudresourcemanager.googleapis.com/v1/projects/alexmgportfolio:testIamPermissions {"permissions":["firebase.projects.get","firebasehosting.sites.update"]}
[debug] [2022-09-16T09:34:34.944Z] >>> [apiv2][query] GET https://firebase.googleapis.com/v1beta1/projects/alexmgportfolio [none]
[debug] [2022-09-16T09:34:35.758Z] <<< [apiv2][status] GET https://firebase.googleapis.com/v1beta1/projects/alexmgportfolio 200
[debug] [2022-09-16T09:34:35.758Z] <<< [apiv2][body] GET https://firebase.googleapis.com/v1beta1/projects/alexmgportfolio {"projectId":"alexmgportfolio","projectNumber":"603382896102","displayName":"alexgichau","name":"projects/alexmgportfolio","resources":{"hostingSite":"alexmgportfolio","storageBucket":"alexmgportfolio.appspot.com","locationId":"us-central"},"state":"ACTIVE","etag":"1_7c9db402-c48e-4621-bdc3-7dde17c90c7c"}
[info] 
[info] === Deploying to 'alexmgportfolio'...
[info] 
[info] i  deploying hosting 
[debug] [2022-09-16T09:34:35.762Z] >>> [apiv2][query] GET https://firebase.googleapis.com/v1beta1/projects/alexmgportfolio [none]
[debug] [2022-09-16T09:34:36.575Z] <<< [apiv2][status] GET https://firebase.googleapis.com/v1beta1/projects/alexmgportfolio 200
[debug] [2022-09-16T09:34:36.575Z] <<< [apiv2][body] GET https://firebase.googleapis.com/v1beta1/projects/alexmgportfolio {"projectId":"alexmgportfolio","projectNumber":"603382896102","displayName":"alexgichau","name":"projects/alexmgportfolio","resources":{"hostingSite":"alexmgportfolio","storageBucket":"alexmgportfolio.appspot.com","locationId":"us-central"},"state":"ACTIVE","etag":"1_7c9db402-c48e-4621-bdc3-7dde17c90c7c"}
[debug] [2022-09-16T09:34:36.580Z] >>> [apiv2][query] POST https://firebasehosting.googleapis.com/v1beta1/projects/603382896102/sites/alexmgportfolio/versions [none]
[debug] [2022-09-16T09:34:36.580Z] >>> [apiv2][body] POST https://firebasehosting.googleapis.com/v1beta1/projects/603382896102/sites/alexmgportfolio/versions {"config":{"rewrites":[{"glob":"**","path":"/index.html"}]},"labels":{"deployment-tool":"cli-firebase"}}
[debug] [2022-09-16T09:34:38.726Z] <<< [apiv2][status] POST https://firebasehosting.googleapis.com/v1beta1/projects/603382896102/sites/alexmgportfolio/versions 200
[debug] [2022-09-16T09:34:38.726Z] <<< [apiv2][body] POST https://firebasehosting.googleapis.com/v1beta1/projects/603382896102/sites/alexmgportfolio/versions {"name":"projects/603382896102/sites/alexmgportfolio/versions/a7b233a0c56b415c","status":"CREATED","config":{"rewrites":[{"glob":"**","path":"/index.html"}]},"labels":{"deployment-tool":"cli-firebase"}}
[info] i  hosting[alexmgportfolio]: beginning deploy... 
[info] i  hosting[alexmgportfolio]: found 3 files in build 
[debug] [2022-09-16T09:34:38.788Z] [hosting] uploading with 200 concurrency
[debug] [2022-09-16T09:34:38.813Z] [hosting] hash cache [YnVpbGQ] stored for 3 files
[debug] [2022-09-16T09:34:38.813Z] [hosting][hash queue][FINAL] {"max":19,"min":14,"avg":16.666666666666668,"active":0,"complete":3,"success":3,"errored":0,"retried":0,"total":3,"elapsed":21}
[debug] [2022-09-16T09:34:38.813Z] >>> [apiv2][query] POST https://firebasehosting.googleapis.com/v1beta1/projects/603382896102/sites/alexmgportfolio/versions/a7b233a0c56b415c:populateFiles [none]
[debug] [2022-09-16T09:34:38.813Z] >>> [apiv2][body] POST https://firebasehosting.googleapis.com/v1beta1/projects/603382896102/sites/alexmgportfolio/versions/a7b233a0c56b415c:populateFiles {"files":{"/favicon.ico":"c599b7a91ab3627e3538125d9f40adc2d4bf949046984262670545dc7738af06","/manifest.json":"0958a5e0c831126100c8c2d06a6bbaa665a3900f21aaff4130238a6f5a113aa1","/robots.txt":"2544ca049f223a42bff01f72ad930a5edba75bbb7199d0f8430a02ff5aca16ec"}}
[debug] [2022-09-16T09:34:40.994Z] <<< [apiv2][status] POST https://firebasehosting.googleapis.com/v1beta1/projects/603382896102/sites/alexmgportfolio/versions/a7b233a0c56b415c:populateFiles 200
[debug] [2022-09-16T09:34:40.994Z] <<< [apiv2][body] POST https://firebasehosting.googleapis.com/v1beta1/projects/603382896102/sites/alexmgportfolio/versions/a7b233a0c56b415c:populateFiles {"uploadUrl":"https://upload-firebasehosting.googleapis.com/upload/sites/alexmgportfolio/versions/a7b233a0c56b415c/files"}
[debug] [2022-09-16T09:34:40.994Z] [hosting][populate queue][FINAL] {"max":2183,"min":2183,"avg":2183,"active":0,"complete":1,"success":1,"errored":0,"retried":0,"total":1,"elapsed":2183}
[debug] [2022-09-16T09:34:40.994Z] [hosting] uploads queued: 0
[debug] [2022-09-16T09:34:40.994Z] [hosting][upload queue][FINAL] {"max":0,"min":9999999999,"avg":0,"active":0,"complete":0,"success":0,"errored":0,"retried":0,"total":0,"elapsed":1663320880994}
[info] ✔  hosting[alexmgportfolio]: file upload complete 
[debug] [2022-09-16T09:34:40.996Z] [hosting] deploy completed after 2268ms
[debug] [2022-09-16T09:34:41.000Z] [
  {
    "config": {
      "public": "build",
      "ignore": [
        "firebase.json",
        "**/.*",
        "**/node_modules/**"
      ],
      "rewrites": [
        {
          "source": "**",
          "destination": "/index.html"
        }
      ],
      "site": "alexmgportfolio"
    },
    "site": "alexmgportfolio",
    "version": "projects/603382896102/sites/alexmgportfolio/versions/a7b233a0c56b415c"
  }
]
[info] i  hosting[alexmgportfolio]: finalizing version... 
[debug] [2022-09-16T09:34:41.001Z] >>> [apiv2][query] PATCH https://firebasehosting.googleapis.com/v1beta1/projects/603382896102/sites/alexmgportfolio/versions/a7b233a0c56b415c updateMask=status%2Cconfig
[debug] [2022-09-16T09:34:41.001Z] >>> [apiv2][body] PATCH https://firebasehosting.googleapis.com/v1beta1/projects/603382896102/sites/alexmgportfolio/versions/a7b233a0c56b415c {"status":"FINALIZED","config":{"rewrites":[{"glob":"**","path":"/index.html"}]}}
